Start testing: Nov 26 21:10 EET
----------------------------------------------------------
1/1 Testing: TestisValidForLog.HandleValid
1/1 Test: TestisValidForLog.HandleValid
Command: "/Users/yura_kulakovskyi/Documents/C++/AP/PR12/PR12_1_CPP/cmake-build-debug/PR12_1_tests" "--gtest_filter=TestisValidForLog.HandleValid" "--gtest_also_run_disabled_tests"
Directory: /Users/yura_kulakovskyi/Documents/C++/AP/PR12/PR12_1_CPP/cmake-build-debug
"TestisValidForLog.HandleValid" start time: Nov 26 21:10 EET
Output:
----------------------------------------------------------
Running main() from /Users/yura_kulakovskyi/Documents/C++/AP/PR12/PR12_1_CPP/lib/googletest/googletest/src/gtest_main.cc
Note: Google Test filter = TestisValidForLog.HandleValid
[==========] Running 1 test from 1 test suite.
[----------] Global test environment set-up.
[----------] 1 test from TestisValidForLog
[ RUN      ] TestisValidForLog.HandleValid
[       OK ] TestisValidForLog.HandleValid (0 ms)
[----------] 1 test from TestisValidForLog (0 ms total)

[----------] Global test environment tear-down
[==========] 1 test from 1 test suite ran. (0 ms total)
[  PASSED  ] 1 test.
<end of output>
Test time =   0.00 sec
----------------------------------------------------------
Test Passed.
"TestisValidForLog.HandleValid" end time: Nov 26 21:10 EET
"TestisValidForLog.HandleValid" time elapsed: 00:00:00
----------------------------------------------------------

End testing: Nov 26 21:10 EET
